<?xml version="1.0" encoding="UTF-8"?>
<testsuite xmlns:xsi="http://www.w3.org/2001/XMLSchema-instance" xsi:noNamespaceSchemaLocation="https://maven.apache.org/surefire/maven-surefire-plugin/xsd/surefire-test-report-3.0.xsd" version="3.0" name="com.bus.unit.DriverValidatorTest" time="0.012" tests="15" errors="0" skipped="0" failures="0">
  <properties>
[...]
</properties>
  <testcase name="driverIDWithInvalidLengthShouldReturnFalse" classname="com.bus.unit.DriverValidatorTest" time="0.001"/>
  <testcase name="addressWithMissingPartShouldReturnFalse" classname="com.bus.unit.DriverValidatorTest" time="0.0"/>
  <testcase name="birthdateWithWrongFormatShouldReturnFalse" classname="com.bus.unit.DriverValidatorTest" time="0.001"/>
  <testcase name="unchangedDriverIDAndNameShouldReturnTrue" classname="com.bus.unit.DriverValidatorTest" time="0.001"/>
  <testcase name="driverWithMoreThanTenYearsCanKeepSameLicense" classname="com.bus.unit.DriverValidatorTest" time="0.0"/>
  <testcase name="driverWithTenYearsOrLessCanChangeLicense" classname="com.bus.unit.DriverValidatorTest" time="0.001"/>
  <testcase name="changedDriverIDShouldReturnFalse" classname="com.bus.unit.DriverValidatorTest" time="0.0"/>
  <testcase name="driverWithMoreThanTenYearsCannotChangeLicense" classname="com.bus.unit.DriverValidatorTest" time="0.001"/>
  <testcase name="addressWithoutPipesShouldReturnFalse" classname="com.bus.unit.DriverValidatorTest" time="0.001"/>
  <testcase name="impossibleBirthdateShouldReturnFalse" classname="com.bus.unit.DriverValidatorTest" time="0.002"/>
  <testcase name="changedDriverNameShouldReturnFalse" classname="com.bus.unit.DriverValidatorTest" time="0.001"/>
  <testcase name="validDriverIDShouldReturnTrue" classname="com.bus.unit.DriverValidatorTest" time="0.001"/>
  <testcase name="validAddressShouldReturnTrue" classname="com.bus.unit.DriverValidatorTest" time="0.0"/>
  <testcase name="driverIDWithInvalidStartingDigitsShouldReturnFalse" classname="com.bus.unit.DriverValidatorTest" time="0.001"/>
  <testcase name="validBirthdateShouldReturnTrue" classname="com.bus.unit.DriverValidatorTest" time="0.001"/>
</testsuite>